<?xml version="1.0" encoding="UTF-8"?>
<testsuite xmlns:xsi="http://www.w3.org/2001/XMLSchema-instance" xsi:noNamespaceSchemaLocation="https://maven.apache.org/surefire/maven-surefire-plugin/xsd/surefire-test-report.xsd" version="3.0.2" name="com.helger.phase4.peppolstandalone.Phase4PeppolStandaloneApplicationTests" time="4.192" tests="1" errors="0" skipped="0" failures="0">
  <properties>
    <property name="java.specification.version" value="22"/>
    <property name="sun.cpu.isalist" value="amd64"/>
    <property name="sun.jnu.encoding" value="Cp1252"/>
    <property name="java.class.path" value="C:\Users\HaniAlassiriAlhabbou\Downloads\phase4\standalone\target\test-classes;C:\Users\HaniAlassiriAlhabbou\Downloads\phase4\standalone\target\classes;C:\Users\HaniAlassiriAlhabbou\.m2\repository\org\springframework\boot\spring-boot-starter\3.4.1\spring-boot-starter-3.4.1.jar;C:\Users\HaniAlassiriAlhabbou\.m2\repository\org\springframework\boot\spring-boot\3.4.1\spring-boot-3.4.1.jar;C:\Users\HaniAlassiriAlhabbou\.m2\repository\org\springframework\spring-context\6.2.1\spring-context-6.2.1.jar;C:\Users\HaniAlassiriAlhabbou\.m2\repository\org\springframework\boot\spring-boot-autoconfigure\3.4.1\spring-boot-autoconfigure-3.4.1.jar;C:\Users\HaniAlassiriAlhabbou\.m2\repository\org\springframework\boot\spring-boot-starter-logging\3.4.1\spring-boot-starter-logging-3.4.1.jar;C:\Users\HaniAlassiriAlhabbou\.m2\repository\ch\qos\logback\logback-classic\1.5.12\logback-classic-1.5.12.jar;C:\Users\HaniAlassiriAlhabbou\.m2\repository\ch\qos\logback\logback-core\1.5.12\logback-core-1.5.12.jar;C:\Users\HaniAlassiriAlhabbou\.m2\repository\org\apache\logging\log4j\log4j-to-slf4j\2.24.3\log4j-to-slf4j-2.24.3.jar;C:\Users\HaniAlassiriAlhabbou\.m2\repository\org\apache\logging\log4j\log4j-api\2.24.3\log4j-api-2.24.3.jar;C:\Users\HaniAlassiriAlhabbou\.m2\repository\jakarta\annotation\jakarta.annotation-api\2.1.1\jakarta.annotation-api-2.1.1.jar;C:\Users\HaniAlassiriAlhabbou\.m2\repository\org\springframework\spring-core\6.2.1\spring-core-6.2.1.jar;C:\Users\HaniAlassiriAlhabbou\.m2\repository\org\springframework\spring-jcl\6.2.1\spring-jcl-6.2.1.jar;C:\Users\HaniAlassiriAlhabbou\.m2\repository\org\yaml\snakeyaml\2.3\snakeyaml-2.3.jar;C:\Users\HaniAlassiriAlhabbou\.m2\repository\org\springframework\boot\spring-boot-starter-web\3.4.1\spring-boot-starter-web-3.4.1.jar;C:\Users\HaniAlassiriAlhabbou\.m2\repository\org\springframework\boot\spring-boot-starter-json\3.4.1\spring-boot-starter-json-3.4.1.jar;C:\Users\HaniAlassiriAlhabbou\.m2\repository\com\fasterxml\jackson\core\jackson-databind\2.18.2\jackson-databind-2.18.2.jar;C:\Users\HaniAlassiriAlhabbou\.m2\repository\com\fasterxml\jackson\core\jackson-annotations\2.18.2\jackson-annotations-2.18.2.jar;C:\Users\HaniAlassiriAlhabbou\.m2\repository\com\fasterxml\jackson\core\jackson-core\2.18.2\jackson-core-2.18.2.jar;C:\Users\HaniAlassiriAlhabbou\.m2\repository\com\fasterxml\jackson\datatype\jackson-datatype-jdk8\2.18.2\jackson-datatype-jdk8-2.18.2.jar;C:\Users\HaniAlassiriAlhabbou\.m2\repository\com\fasterxml\jackson\datatype\jackson-datatype-jsr310\2.18.2\jackson-datatype-jsr310-2.18.2.jar;C:\Users\HaniAlassiriAlhabbou\.m2\repository\com\fasterxml\jackson\module\jackson-module-parameter-names\2.18.2\jackson-module-parameter-names-2.18.2.jar;C:\Users\HaniAlassiriAlhabbou\.m2\repository\org\springframework\boot\spring-boot-starter-tomcat\3.4.1\spring-boot-starter-tomcat-3.4.1.jar;C:\Users\HaniAlassiriAlhabbou\.m2\repository\org\apache\tomcat\embed\tomcat-embed-core\10.1.34\tomcat-embed-core-10.1.34.jar;C:\Users\HaniAlassiriAlhabbou\.m2\repository\org\apache\tomcat\embed\tomcat-embed-el\10.1.34\tomcat-embed-el-10.1.34.jar;C:\Users\HaniAlassiriAlhabbou\.m2\repository\org\apache\tomcat\embed\tomcat-embed-websocket\10.1.34\tomcat-embed-websocket-10.1.34.jar;C:\Users\HaniAlassiriAlhabbou\.m2\repository\org\springframework\spring-web\6.2.1\spring-web-6.2.1.jar;C:\Users\HaniAlassiriAlhabbou\.m2\repository\org\springframework\spring-beans\6.2.1\spring-beans-6.2.1.jar;C:\Users\HaniAlassiriAlhabbou\.m2\repository\org\springframework\spring-webmvc\6.2.1\spring-webmvc-6.2.1.jar;C:\Users\HaniAlassiriAlhabbou\.m2\repository\org\springframework\spring-aop\6.2.1\spring-aop-6.2.1.jar;C:\Users\HaniAlassiriAlhabbou\.m2\repository\org\springframework\spring-expression\6.2.1\spring-expression-6.2.1.jar;C:\Users\HaniAlassiriAlhabbou\.m2\repository\org\springframework\boot\spring-boot-starter-actuator\3.4.1\spring-boot-starter-actuator-3.4.1.jar;C:\Users\HaniAlassiriAlhabbou\.m2\repository\org\springframework\boot\spring-boot-actuator-autoconfigure\3.4.1\spring-boot-actuator-autoconfigure-3.4.1.jar;C:\Users\HaniAlassiriAlhabbou\.m2\repository\org\springframework\boot\spring-boot-actuator\3.4.1\spring-boot-actuator-3.4.1.jar;C:\Users\HaniAlassiriAlhabbou\.m2\repository\io\micrometer\micrometer-observation\1.14.2\micrometer-observation-1.14.2.jar;C:\Users\HaniAlassiriAlhabbou\.m2\repository\io\micrometer\micrometer-commons\1.14.2\micrometer-commons-1.14.2.jar;C:\Users\HaniAlassiriAlhabbou\.m2\repository\io\micrometer\micrometer-jakarta9\1.14.2\micrometer-jakarta9-1.14.2.jar;C:\Users\HaniAlassiriAlhabbou\.m2\repository\io\micrometer\micrometer-core\1.14.2\micrometer-core-1.14.2.jar;C:\Users\HaniAlassiriAlhabbou\.m2\repository\org\hdrhistogram\HdrHistogram\2.2.2\HdrHistogram-2.2.2.jar;C:\Users\HaniAlassiriAlhabbou\.m2\repository\org\latencyutils\LatencyUtils\2.0.3\LatencyUtils-2.0.3.jar;C:\Users\HaniAlassiriAlhabbou\.m2\repository\org\springframework\boot\spring-boot-devtools\3.4.1\spring-boot-devtools-3.4.1.jar;C:\Users\HaniAlassiriAlhabbou\.m2\repository\com\helger\phase4\phase4-lib\3.0.2\phase4-lib-3.0.2.jar;C:\Users\HaniAlassiriAlhabbou\.m2\repository\org\bouncycastle\bcjmail-jdk18on\1.80\bcjmail-jdk18on-1.80.jar;C:\Users\HaniAlassiriAlhabbou\.m2\repository\org\bouncycastle\bcpkix-jdk18on\1.80\bcpkix-jdk18on-1.80.jar;C:\Users\HaniAlassiriAlhabbou\.m2\repository\org\bouncycastle\bcutil-jdk18on\1.80\bcutil-jdk18on-1.80.jar;C:\Users\HaniAlassiriAlhabbou\.m2\repository\org\apache\wss4j\wss4j-ws-security-dom\3.0.4\wss4j-ws-security-dom-3.0.4.jar;C:\Users\HaniAlassiriAlhabbou\.m2\repository\org\apache\wss4j\wss4j-ws-security-common\3.0.4\wss4j-ws-security-common-3.0.4.jar;C:\Users\HaniAlassiriAlhabbou\.m2\repository\jakarta\mail\jakarta.mail-api\2.1.3\jakarta.mail-api-2.1.3.jar;C:\Users\HaniAlassiriAlhabbou\.m2\repository\org\apache\santuario\xmlsec\3.0.5\xmlsec-3.0.5.jar;C:\Users\HaniAlassiriAlhabbou\.m2\repository\commons-codec\commons-codec\1.17.2\commons-codec-1.17.2.jar;C:\Users\HaniAlassiriAlhabbou\.m2\repository\org\cryptacular\cryptacular\1.2.7\cryptacular-1.2.7.jar;C:\Users\HaniAlassiriAlhabbou\.m2\repository\org\jasypt\jasypt\1.9.3\jasypt-1.9.3.jar;C:\Users\HaniAlassiriAlhabbou\.m2\repository\com\helger\commons\ph-commons\11.1.12\ph-commons-11.1.12.jar;C:\Users\HaniAlassiriAlhabbou\.m2\repository\com\google\code\findbugs\jsr305\3.0.2\jsr305-3.0.2.jar;C:\Users\HaniAlassiriAlhabbou\.m2\repository\org\slf4j\slf4j-api\2.0.15\slf4j-api-2.0.15.jar;C:\Users\HaniAlassiriAlhabbou\.m2\repository\com\helger\commons\ph-xml\11.1.12\ph-xml-11.1.12.jar;C:\Users\HaniAlassiriAlhabbou\.m2\repository\com\helger\commons\ph-jaxb\11.1.12\ph-jaxb-11.1.12.jar;C:\Users\HaniAlassiriAlhabbou\.m2\repository\com\helger\commons\ph-jaxb-adapter\11.1.12\ph-jaxb-adapter-11.1.12.jar;C:\Users\HaniAlassiriAlhabbou\.m2\repository\com\helger\commons\ph-datetime\11.1.12\ph-datetime-11.1.12.jar;C:\Users\HaniAlassiriAlhabbou\.m2\repository\com\helger\commons\ph-bc\11.1.12\ph-bc-11.1.12.jar;C:\Users\HaniAlassiriAlhabbou\.m2\repository\org\bouncycastle\bcprov-jdk18on\1.80\bcprov-jdk18on-1.80.jar;C:\Users\HaniAlassiriAlhabbou\.m2\repository\com\helger\commons\ph-scopes\11.1.12\ph-scopes-11.1.12.jar;C:\Users\HaniAlassiriAlhabbou\.m2\repository\com\helger\commons\ph-json\11.1.12\ph-json-11.1.12.jar;C:\Users\HaniAlassiriAlhabbou\.m2\repository\com\helger\web\ph-mail\10.2.0\ph-mail-10.2.0.jar;C:\Users\HaniAlassiriAlhabbou\.m2\repository\org\eclipse\angus\angus-mail\2.0.3\angus-mail-2.0.3.jar;C:\Users\HaniAlassiriAlhabbou\.m2\repository\com\helger\web\ph-http\10.2.0\ph-http-10.2.0.jar;C:\Users\HaniAlassiriAlhabbou\.m2\repository\com\helger\web\ph-network\10.2.0\ph-network-10.2.0.jar;C:\Users\HaniAlassiriAlhabbou\.m2\repository\com\helger\commons\ph-security\11.1.12\ph-security-11.1.12.jar;C:\Users\HaniAlassiriAlhabbou\.m2\repository\com\helger\web\ph-httpclient\10.2.0\ph-httpclient-10.2.0.jar;C:\Users\HaniAlassiriAlhabbou\.m2\repository\org\apache\httpcomponents\client5\httpclient5\5.4.1\httpclient5-5.4.1.jar;C:\Users\HaniAlassiriAlhabbou\.m2\repository\org\apache\httpcomponents\core5\httpcore5\5.3.1\httpcore5-5.3.1.jar;C:\Users\HaniAlassiriAlhabbou\.m2\repository\org\apache\httpcomponents\core5\httpcore5-h2\5.3.1\httpcore5-h2-5.3.1.jar;C:\Users\HaniAlassiriAlhabbou\.m2\repository\org\slf4j\jcl-over-slf4j\2.0.15\jcl-over-slf4j-2.0.15.jar;C:\Users\HaniAlassiriAlhabbou\.m2\repository\com\helger\xsd\ph-xsds-xmldsig\3.0.0\ph-xsds-xmldsig-3.0.0.jar;C:\Users\HaniAlassiriAlhabbou\.m2\repository\com\helger\xsd\ph-xsds-xlink\3.0.0\ph-xsds-xlink-3.0.0.jar;C:\Users\HaniAlassiriAlhabbou\.m2\repository\com\helger\xsd\ph-xsds-xml\3.0.0\ph-xsds-xml-3.0.0.jar;C:\Users\HaniAlassiriAlhabbou\.m2\repository\com\helger\masterdata\ph-tenancy\7.0.2\ph-tenancy-7.0.2.jar;C:\Users\HaniAlassiriAlhabbou\.m2\repository\com\helger\masterdata\ph-masterdata\7.0.2\ph-masterdata-7.0.2.jar;C:\Users\HaniAlassiriAlhabbou\.m2\repository\com\helger\commons\ph-config\11.1.12\ph-config-11.1.12.jar;C:\Users\HaniAlassiriAlhabbou\.m2\repository\com\helger\schedule\ph-schedule\5.0.1\ph-schedule-5.0.1.jar;C:\Users\HaniAlassiriAlhabbou\.m2\repository\com\helger\schedule\ph-mini-quartz\5.0.1\ph-mini-quartz-5.0.1.jar;C:\Users\HaniAlassiriAlhabbou\.m2\repository\com\helger\web\ph-web\10.2.0\ph-web-10.2.0.jar;C:\Users\HaniAlassiriAlhabbou\.m2\repository\com\helger\web\ph-servlet\10.2.0\ph-servlet-10.2.0.jar;C:\Users\HaniAlassiriAlhabbou\.m2\repository\com\helger\web\ph-useragent\10.2.0\ph-useragent-10.2.0.jar;C:\Users\HaniAlassiriAlhabbou\.m2\repository\org\eclipse\angus\angus-activation\2.0.2\angus-activation-2.0.2.jar;C:\Users\HaniAlassiriAlhabbou\.m2\repository\com\helger\web\ph-xservlet\10.2.0\ph-xservlet-10.2.0.jar;C:\Users\HaniAlassiriAlhabbou\.m2\repository\com\helger\photon\ph-oton-io\9.2.8\ph-oton-io-9.2.8.jar;C:\Users\HaniAlassiriAlhabbou\.m2\repository\com\helger\commons\ph-collection\11.1.12\ph-collection-11.1.12.jar;C:\Users\HaniAlassiriAlhabbou\.m2\repository\com\helger\commons\ph-dao\11.1.12\ph-dao-11.1.12.jar;C:\Users\HaniAlassiriAlhabbou\.m2\repository\com\helger\photon\ph-oton-audit\9.2.8\ph-oton-audit-9.2.8.jar;C:\Users\HaniAlassiriAlhabbou\.m2\repository\com\helger\photon\ph-oton-security\9.2.8\ph-oton-security-9.2.8.jar;C:\Users\HaniAlassiriAlhabbou\.m2\repository\org\slf4j\jul-to-slf4j\2.0.15\jul-to-slf4j-2.0.15.jar;C:\Users\HaniAlassiriAlhabbou\.m2\repository\com\helger\phase4\phase4-profile-bdew\3.0.2\phase4-profile-bdew-3.0.2.jar;C:\Users\HaniAlassiriAlhabbou\.m2\repository\com\sun\xml\bind\jaxb-impl\4.0.5\jaxb-impl-4.0.5.jar;C:\Users\HaniAlassiriAlhabbou\.m2\repository\com\sun\xml\bind\jaxb-core\4.0.5\jaxb-core-4.0.5.jar;C:\Users\HaniAlassiriAlhabbou\.m2\repository\org\springframework\boot\spring-boot-starter-test\3.4.1\spring-boot-starter-test-3.4.1.jar;C:\Users\HaniAlassiriAlhabbou\.m2\repository\org\springframework\boot\spring-boot-test\3.4.1\spring-boot-test-3.4.1.jar;C:\Users\HaniAlassiriAlhabbou\.m2\repository\org\springframework\boot\spring-boot-test-autoconfigure\3.4.1\spring-boot-test-autoconfigure-3.4.1.jar;C:\Users\HaniAlassiriAlhabbou\.m2\repository\com\jayway\jsonpath\json-path\2.9.0\json-path-2.9.0.jar;C:\Users\HaniAlassiriAlhabbou\.m2\repository\jakarta\xml\bind\jakarta.xml.bind-api\4.0.2\jakarta.xml.bind-api-4.0.2.jar;C:\Users\HaniAlassiriAlhabbou\.m2\repository\jakarta\activation\jakarta.activation-api\2.1.3\jakarta.activation-api-2.1.3.jar;C:\Users\HaniAlassiriAlhabbou\.m2\repository\net\minidev\json-smart\2.5.1\json-smart-2.5.1.jar;C:\Users\HaniAlassiriAlhabbou\.m2\repository\net\minidev\accessors-smart\2.5.1\accessors-smart-2.5.1.jar;C:\Users\HaniAlassiriAlhabbou\.m2\repository\org\ow2\asm\asm\9.6\asm-9.6.jar;C:\Users\HaniAlassiriAlhabbou\.m2\repository\org\assertj\assertj-core\3.26.3\assertj-core-3.26.3.jar;C:\Users\HaniAlassiriAlhabbou\.m2\repository\net\bytebuddy\byte-buddy\1.15.11\byte-buddy-1.15.11.jar;C:\Users\HaniAlassiriAlhabbou\.m2\repository\org\awaitility\awaitility\4.2.2\awaitility-4.2.2.jar;C:\Users\HaniAlassiriAlhabbou\.m2\repository\org\hamcrest\hamcrest\2.2\hamcrest-2.2.jar;C:\Users\HaniAlassiriAlhabbou\.m2\repository\org\junit\jupiter\junit-jupiter\5.11.4\junit-jupiter-5.11.4.jar;C:\Users\HaniAlassiriAlhabbou\.m2\repository\org\junit\jupiter\junit-jupiter-params\5.11.4\junit-jupiter-params-5.11.4.jar;C:\Users\HaniAlassiriAlhabbou\.m2\repository\org\mockito\mockito-core\5.14.2\mockito-core-5.14.2.jar;C:\Users\HaniAlassiriAlhabbou\.m2\repository\net\bytebuddy\byte-buddy-agent\1.15.11\byte-buddy-agent-1.15.11.jar;C:\Users\HaniAlassiriAlhabbou\.m2\repository\org\objenesis\objenesis\3.3\objenesis-3.3.jar;C:\Users\HaniAlassiriAlhabbou\.m2\repository\org\mockito\mockito-junit-jupiter\5.14.2\mockito-junit-jupiter-5.14.2.jar;C:\Users\HaniAlassiriAlhabbou\.m2\repository\org\skyscreamer\jsonassert\1.5.3\jsonassert-1.5.3.jar;C:\Users\HaniAlassiriAlhabbou\.m2\repository\com\vaadin\external\google\android-json\0.0.20131108.vaadin1\android-json-0.0.20131108.vaadin1.jar;C:\Users\HaniAlassiriAlhabbou\.m2\repository\org\springframework\spring-test\6.2.1\spring-test-6.2.1.jar;C:\Users\HaniAlassiriAlhabbou\.m2\repository\org\xmlunit\xmlunit-core\2.10.0\xmlunit-core-2.10.0.jar;C:\Users\HaniAlassiriAlhabbou\.m2\repository\org\junit\jupiter\junit-jupiter-engine\5.11.4\junit-jupiter-engine-5.11.4.jar;C:\Users\HaniAlassiriAlhabbou\.m2\repository\org\junit\platform\junit-platform-engine\1.11.4\junit-platform-engine-1.11.4.jar;C:\Users\HaniAlassiriAlhabbou\.m2\repository\org\opentest4j\opentest4j\1.3.0\opentest4j-1.3.0.jar;C:\Users\HaniAlassiriAlhabbou\.m2\repository\org\junit\platform\junit-platform-commons\1.11.4\junit-platform-commons-1.11.4.jar;C:\Users\HaniAlassiriAlhabbou\.m2\repository\org\junit\jupiter\junit-jupiter-api\5.11.4\junit-jupiter-api-5.11.4.jar;C:\Users\HaniAlassiriAlhabbou\.m2\repository\org\apiguardian\apiguardian-api\1.1.2\apiguardian-api-1.1.2.jar;"/>
    <property name="java.vm.vendor" value="Oracle Corporation"/>
    <property name="sun.arch.data.model" value="64"/>
    <property name="user.variant" value=""/>
    <property name="java.vendor.url" value="https://java.oracle.com/"/>
    <property name="user.timezone" value="Europe/Berlin"/>
    <property name="os.name" value="Windows 11"/>
    <property name="java.vm.specification.version" value="22"/>
    <property name="sun.java.launcher" value="SUN_STANDARD"/>
    <property name="user.country" value="DE"/>
    <property name="sun.boot.library.path" value="C:\Program Files\Java\jdk-22\bin"/>
    <property name="sun.java.command" value="C:\Users\HaniAlassiriAlhabbou\AppData\Local\Temp\surefire12694325388869994531\surefirebooter-20250124150036853_3.jar C:\Users\HaniAlassiriAlhabbou\AppData\Local\Temp\surefire12694325388869994531 2025-01-24T15-00-36_649-jvmRun1 surefire-20250124150036853_1tmp surefire_0-20250124150036853_2tmp"/>
    <property name="jdk.debug" value="release"/>
    <property name="surefire.test.class.path" value="C:\Users\HaniAlassiriAlhabbou\Downloads\phase4\standalone\target\test-classes;C:\Users\HaniAlassiriAlhabbou\Downloads\phase4\standalone\target\classes;C:\Users\HaniAlassiriAlhabbou\.m2\repository\org\springframework\boot\spring-boot-starter\3.4.1\spring-boot-starter-3.4.1.jar;C:\Users\HaniAlassiriAlhabbou\.m2\repository\org\springframework\boot\spring-boot\3.4.1\spring-boot-3.4.1.jar;C:\Users\HaniAlassiriAlhabbou\.m2\repository\org\springframework\spring-context\6.2.1\spring-context-6.2.1.jar;C:\Users\HaniAlassiriAlhabbou\.m2\repository\org\springframework\boot\spring-boot-autoconfigure\3.4.1\spring-boot-autoconfigure-3.4.1.jar;C:\Users\HaniAlassiriAlhabbou\.m2\repository\org\springframework\boot\spring-boot-starter-logging\3.4.1\spring-boot-starter-logging-3.4.1.jar;C:\Users\HaniAlassiriAlhabbou\.m2\repository\ch\qos\logback\logback-classic\1.5.12\logback-classic-1.5.12.jar;C:\Users\HaniAlassiriAlhabbou\.m2\repository\ch\qos\logback\logback-core\1.5.12\logback-core-1.5.12.jar;C:\Users\HaniAlassiriAlhabbou\.m2\repository\org\apache\logging\log4j\log4j-to-slf4j\2.24.3\log4j-to-slf4j-2.24.3.jar;C:\Users\HaniAlassiriAlhabbou\.m2\repository\org\apache\logging\log4j\log4j-api\2.24.3\log4j-api-2.24.3.jar;C:\Users\HaniAlassiriAlhabbou\.m2\repository\jakarta\annotation\jakarta.annotation-api\2.1.1\jakarta.annotation-api-2.1.1.jar;C:\Users\HaniAlassiriAlhabbou\.m2\repository\org\springframework\spring-core\6.2.1\spring-core-6.2.1.jar;C:\Users\HaniAlassiriAlhabbou\.m2\repository\org\springframework\spring-jcl\6.2.1\spring-jcl-6.2.1.jar;C:\Users\HaniAlassiriAlhabbou\.m2\repository\org\yaml\snakeyaml\2.3\snakeyaml-2.3.jar;C:\Users\HaniAlassiriAlhabbou\.m2\repository\org\springframework\boot\spring-boot-starter-web\3.4.1\spring-boot-starter-web-3.4.1.jar;C:\Users\HaniAlassiriAlhabbou\.m2\repository\org\springframework\boot\spring-boot-starter-json\3.4.1\spring-boot-starter-json-3.4.1.jar;C:\Users\HaniAlassiriAlhabbou\.m2\repository\com\fasterxml\jackson\core\jackson-databind\2.18.2\jackson-databind-2.18.2.jar;C:\Users\HaniAlassiriAlhabbou\.m2\repository\com\fasterxml\jackson\core\jackson-annotations\2.18.2\jackson-annotations-2.18.2.jar;C:\Users\HaniAlassiriAlhabbou\.m2\repository\com\fasterxml\jackson\core\jackson-core\2.18.2\jackson-core-2.18.2.jar;C:\Users\HaniAlassiriAlhabbou\.m2\repository\com\fasterxml\jackson\datatype\jackson-datatype-jdk8\2.18.2\jackson-datatype-jdk8-2.18.2.jar;C:\Users\HaniAlassiriAlhabbou\.m2\repository\com\fasterxml\jackson\datatype\jackson-datatype-jsr310\2.18.2\jackson-datatype-jsr310-2.18.2.jar;C:\Users\HaniAlassiriAlhabbou\.m2\repository\com\fasterxml\jackson\module\jackson-module-parameter-names\2.18.2\jackson-module-parameter-names-2.18.2.jar;C:\Users\HaniAlassiriAlhabbou\.m2\repository\org\springframework\boot\spring-boot-starter-tomcat\3.4.1\spring-boot-starter-tomcat-3.4.1.jar;C:\Users\HaniAlassiriAlhabbou\.m2\repository\org\apache\tomcat\embed\tomcat-embed-core\10.1.34\tomcat-embed-core-10.1.34.jar;C:\Users\HaniAlassiriAlhabbou\.m2\repository\org\apache\tomcat\embed\tomcat-embed-el\10.1.34\tomcat-embed-el-10.1.34.jar;C:\Users\HaniAlassiriAlhabbou\.m2\repository\org\apache\tomcat\embed\tomcat-embed-websocket\10.1.34\tomcat-embed-websocket-10.1.34.jar;C:\Users\HaniAlassiriAlhabbou\.m2\repository\org\springframework\spring-web\6.2.1\spring-web-6.2.1.jar;C:\Users\HaniAlassiriAlhabbou\.m2\repository\org\springframework\spring-beans\6.2.1\spring-beans-6.2.1.jar;C:\Users\HaniAlassiriAlhabbou\.m2\repository\org\springframework\spring-webmvc\6.2.1\spring-webmvc-6.2.1.jar;C:\Users\HaniAlassiriAlhabbou\.m2\repository\org\springframework\spring-aop\6.2.1\spring-aop-6.2.1.jar;C:\Users\HaniAlassiriAlhabbou\.m2\repository\org\springframework\spring-expression\6.2.1\spring-expression-6.2.1.jar;C:\Users\HaniAlassiriAlhabbou\.m2\repository\org\springframework\boot\spring-boot-starter-actuator\3.4.1\spring-boot-starter-actuator-3.4.1.jar;C:\Users\HaniAlassiriAlhabbou\.m2\repository\org\springframework\boot\spring-boot-actuator-autoconfigure\3.4.1\spring-boot-actuator-autoconfigure-3.4.1.jar;C:\Users\HaniAlassiriAlhabbou\.m2\repository\org\springframework\boot\spring-boot-actuator\3.4.1\spring-boot-actuator-3.4.1.jar;C:\Users\HaniAlassiriAlhabbou\.m2\repository\io\micrometer\micrometer-observation\1.14.2\micrometer-observation-1.14.2.jar;C:\Users\HaniAlassiriAlhabbou\.m2\repository\io\micrometer\micrometer-commons\1.14.2\micrometer-commons-1.14.2.jar;C:\Users\HaniAlassiriAlhabbou\.m2\repository\io\micrometer\micrometer-jakarta9\1.14.2\micrometer-jakarta9-1.14.2.jar;C:\Users\HaniAlassiriAlhabbou\.m2\repository\io\micrometer\micrometer-core\1.14.2\micrometer-core-1.14.2.jar;C:\Users\HaniAlassiriAlhabbou\.m2\repository\org\hdrhistogram\HdrHistogram\2.2.2\HdrHistogram-2.2.2.jar;C:\Users\HaniAlassiriAlhabbou\.m2\repository\org\latencyutils\LatencyUtils\2.0.3\LatencyUtils-2.0.3.jar;C:\Users\HaniAlassiriAlhabbou\.m2\repository\org\springframework\boot\spring-boot-devtools\3.4.1\spring-boot-devtools-3.4.1.jar;C:\Users\HaniAlassiriAlhabbou\.m2\repository\com\helger\phase4\phase4-lib\3.0.2\phase4-lib-3.0.2.jar;C:\Users\HaniAlassiriAlhabbou\.m2\repository\org\bouncycastle\bcjmail-jdk18on\1.80\bcjmail-jdk18on-1.80.jar;C:\Users\HaniAlassiriAlhabbou\.m2\repository\org\bouncycastle\bcpkix-jdk18on\1.80\bcpkix-jdk18on-1.80.jar;C:\Users\HaniAlassiriAlhabbou\.m2\repository\org\bouncycastle\bcutil-jdk18on\1.80\bcutil-jdk18on-1.80.jar;C:\Users\HaniAlassiriAlhabbou\.m2\repository\org\apache\wss4j\wss4j-ws-security-dom\3.0.4\wss4j-ws-security-dom-3.0.4.jar;C:\Users\HaniAlassiriAlhabbou\.m2\repository\org\apache\wss4j\wss4j-ws-security-common\3.0.4\wss4j-ws-security-common-3.0.4.jar;C:\Users\HaniAlassiriAlhabbou\.m2\repository\jakarta\mail\jakarta.mail-api\2.1.3\jakarta.mail-api-2.1.3.jar;C:\Users\HaniAlassiriAlhabbou\.m2\repository\org\apache\santuario\xmlsec\3.0.5\xmlsec-3.0.5.jar;C:\Users\HaniAlassiriAlhabbou\.m2\repository\commons-codec\commons-codec\1.17.2\commons-codec-1.17.2.jar;C:\Users\HaniAlassiriAlhabbou\.m2\repository\org\cryptacular\cryptacular\1.2.7\cryptacular-1.2.7.jar;C:\Users\HaniAlassiriAlhabbou\.m2\repository\org\jasypt\jasypt\1.9.3\jasypt-1.9.3.jar;C:\Users\HaniAlassiriAlhabbou\.m2\repository\com\helger\commons\ph-commons\11.1.12\ph-commons-11.1.12.jar;C:\Users\HaniAlassiriAlhabbou\.m2\repository\com\google\code\findbugs\jsr305\3.0.2\jsr305-3.0.2.jar;C:\Users\HaniAlassiriAlhabbou\.m2\repository\org\slf4j\slf4j-api\2.0.15\slf4j-api-2.0.15.jar;C:\Users\HaniAlassiriAlhabbou\.m2\repository\com\helger\commons\ph-xml\11.1.12\ph-xml-11.1.12.jar;C:\Users\HaniAlassiriAlhabbou\.m2\repository\com\helger\commons\ph-jaxb\11.1.12\ph-jaxb-11.1.12.jar;C:\Users\HaniAlassiriAlhabbou\.m2\repository\com\helger\commons\ph-jaxb-adapter\11.1.12\ph-jaxb-adapter-11.1.12.jar;C:\Users\HaniAlassiriAlhabbou\.m2\repository\com\helger\commons\ph-datetime\11.1.12\ph-datetime-11.1.12.jar;C:\Users\HaniAlassiriAlhabbou\.m2\repository\com\helger\commons\ph-bc\11.1.12\ph-bc-11.1.12.jar;C:\Users\HaniAlassiriAlhabbou\.m2\repository\org\bouncycastle\bcprov-jdk18on\1.80\bcprov-jdk18on-1.80.jar;C:\Users\HaniAlassiriAlhabbou\.m2\repository\com\helger\commons\ph-scopes\11.1.12\ph-scopes-11.1.12.jar;C:\Users\HaniAlassiriAlhabbou\.m2\repository\com\helger\commons\ph-json\11.1.12\ph-json-11.1.12.jar;C:\Users\HaniAlassiriAlhabbou\.m2\repository\com\helger\web\ph-mail\10.2.0\ph-mail-10.2.0.jar;C:\Users\HaniAlassiriAlhabbou\.m2\repository\org\eclipse\angus\angus-mail\2.0.3\angus-mail-2.0.3.jar;C:\Users\HaniAlassiriAlhabbou\.m2\repository\com\helger\web\ph-http\10.2.0\ph-http-10.2.0.jar;C:\Users\HaniAlassiriAlhabbou\.m2\repository\com\helger\web\ph-network\10.2.0\ph-network-10.2.0.jar;C:\Users\HaniAlassiriAlhabbou\.m2\repository\com\helger\commons\ph-security\11.1.12\ph-security-11.1.12.jar;C:\Users\HaniAlassiriAlhabbou\.m2\repository\com\helger\web\ph-httpclient\10.2.0\ph-httpclient-10.2.0.jar;C:\Users\HaniAlassiriAlhabbou\.m2\repository\org\apache\httpcomponents\client5\httpclient5\5.4.1\httpclient5-5.4.1.jar;C:\Users\HaniAlassiriAlhabbou\.m2\repository\org\apache\httpcomponents\core5\httpcore5\5.3.1\httpcore5-5.3.1.jar;C:\Users\HaniAlassiriAlhabbou\.m2\repository\org\apache\httpcomponents\core5\httpcore5-h2\5.3.1\httpcore5-h2-5.3.1.jar;C:\Users\HaniAlassiriAlhabbou\.m2\repository\org\slf4j\jcl-over-slf4j\2.0.15\jcl-over-slf4j-2.0.15.jar;C:\Users\HaniAlassiriAlhabbou\.m2\repository\com\helger\xsd\ph-xsds-xmldsig\3.0.0\ph-xsds-xmldsig-3.0.0.jar;C:\Users\HaniAlassiriAlhabbou\.m2\repository\com\helger\xsd\ph-xsds-xlink\3.0.0\ph-xsds-xlink-3.0.0.jar;C:\Users\HaniAlassiriAlhabbou\.m2\repository\com\helger\xsd\ph-xsds-xml\3.0.0\ph-xsds-xml-3.0.0.jar;C:\Users\HaniAlassiriAlhabbou\.m2\repository\com\helger\masterdata\ph-tenancy\7.0.2\ph-tenancy-7.0.2.jar;C:\Users\HaniAlassiriAlhabbou\.m2\repository\com\helger\masterdata\ph-masterdata\7.0.2\ph-masterdata-7.0.2.jar;C:\Users\HaniAlassiriAlhabbou\.m2\repository\com\helger\commons\ph-config\11.1.12\ph-config-11.1.12.jar;C:\Users\HaniAlassiriAlhabbou\.m2\repository\com\helger\schedule\ph-schedule\5.0.1\ph-schedule-5.0.1.jar;C:\Users\HaniAlassiriAlhabbou\.m2\repository\com\helger\schedule\ph-mini-quartz\5.0.1\ph-mini-quartz-5.0.1.jar;C:\Users\HaniAlassiriAlhabbou\.m2\repository\com\helger\web\ph-web\10.2.0\ph-web-10.2.0.jar;C:\Users\HaniAlassiriAlhabbou\.m2\repository\com\helger\web\ph-servlet\10.2.0\ph-servlet-10.2.0.jar;C:\Users\HaniAlassiriAlhabbou\.m2\repository\com\helger\web\ph-useragent\10.2.0\ph-useragent-10.2.0.jar;C:\Users\HaniAlassiriAlhabbou\.m2\repository\org\eclipse\angus\angus-activation\2.0.2\angus-activation-2.0.2.jar;C:\Users\HaniAlassiriAlhabbou\.m2\repository\com\helger\web\ph-xservlet\10.2.0\ph-xservlet-10.2.0.jar;C:\Users\HaniAlassiriAlhabbou\.m2\repository\com\helger\photon\ph-oton-io\9.2.8\ph-oton-io-9.2.8.jar;C:\Users\HaniAlassiriAlhabbou\.m2\repository\com\helger\commons\ph-collection\11.1.12\ph-collection-11.1.12.jar;C:\Users\HaniAlassiriAlhabbou\.m2\repository\com\helger\commons\ph-dao\11.1.12\ph-dao-11.1.12.jar;C:\Users\HaniAlassiriAlhabbou\.m2\repository\com\helger\photon\ph-oton-audit\9.2.8\ph-oton-audit-9.2.8.jar;C:\Users\HaniAlassiriAlhabbou\.m2\repository\com\helger\photon\ph-oton-security\9.2.8\ph-oton-security-9.2.8.jar;C:\Users\HaniAlassiriAlhabbou\.m2\repository\org\slf4j\jul-to-slf4j\2.0.15\jul-to-slf4j-2.0.15.jar;C:\Users\HaniAlassiriAlhabbou\.m2\repository\com\helger\phase4\phase4-profile-bdew\3.0.2\phase4-profile-bdew-3.0.2.jar;C:\Users\HaniAlassiriAlhabbou\.m2\repository\com\sun\xml\bind\jaxb-impl\4.0.5\jaxb-impl-4.0.5.jar;C:\Users\HaniAlassiriAlhabbou\.m2\repository\com\sun\xml\bind\jaxb-core\4.0.5\jaxb-core-4.0.5.jar;C:\Users\HaniAlassiriAlhabbou\.m2\repository\org\springframework\boot\spring-boot-starter-test\3.4.1\spring-boot-starter-test-3.4.1.jar;C:\Users\HaniAlassiriAlhabbou\.m2\repository\org\springframework\boot\spring-boot-test\3.4.1\spring-boot-test-3.4.1.jar;C:\Users\HaniAlassiriAlhabbou\.m2\repository\org\springframework\boot\spring-boot-test-autoconfigure\3.4.1\spring-boot-test-autoconfigure-3.4.1.jar;C:\Users\HaniAlassiriAlhabbou\.m2\repository\com\jayway\jsonpath\json-path\2.9.0\json-path-2.9.0.jar;C:\Users\HaniAlassiriAlhabbou\.m2\repository\jakarta\xml\bind\jakarta.xml.bind-api\4.0.2\jakarta.xml.bind-api-4.0.2.jar;C:\Users\HaniAlassiriAlhabbou\.m2\repository\jakarta\activation\jakarta.activation-api\2.1.3\jakarta.activation-api-2.1.3.jar;C:\Users\HaniAlassiriAlhabbou\.m2\repository\net\minidev\json-smart\2.5.1\json-smart-2.5.1.jar;C:\Users\HaniAlassiriAlhabbou\.m2\repository\net\minidev\accessors-smart\2.5.1\accessors-smart-2.5.1.jar;C:\Users\HaniAlassiriAlhabbou\.m2\repository\org\ow2\asm\asm\9.6\asm-9.6.jar;C:\Users\HaniAlassiriAlhabbou\.m2\repository\org\assertj\assertj-core\3.26.3\assertj-core-3.26.3.jar;C:\Users\HaniAlassiriAlhabbou\.m2\repository\net\bytebuddy\byte-buddy\1.15.11\byte-buddy-1.15.11.jar;C:\Users\HaniAlassiriAlhabbou\.m2\repository\org\awaitility\awaitility\4.2.2\awaitility-4.2.2.jar;C:\Users\HaniAlassiriAlhabbou\.m2\repository\org\hamcrest\hamcrest\2.2\hamcrest-2.2.jar;C:\Users\HaniAlassiriAlhabbou\.m2\repository\org\junit\jupiter\junit-jupiter\5.11.4\junit-jupiter-5.11.4.jar;C:\Users\HaniAlassiriAlhabbou\.m2\repository\org\junit\jupiter\junit-jupiter-params\5.11.4\junit-jupiter-params-5.11.4.jar;C:\Users\HaniAlassiriAlhabbou\.m2\repository\org\mockito\mockito-core\5.14.2\mockito-core-5.14.2.jar;C:\Users\HaniAlassiriAlhabbou\.m2\repository\net\bytebuddy\byte-buddy-agent\1.15.11\byte-buddy-agent-1.15.11.jar;C:\Users\HaniAlassiriAlhabbou\.m2\repository\org\objenesis\objenesis\3.3\objenesis-3.3.jar;C:\Users\HaniAlassiriAlhabbou\.m2\repository\org\mockito\mockito-junit-jupiter\5.14.2\mockito-junit-jupiter-5.14.2.jar;C:\Users\HaniAlassiriAlhabbou\.m2\repository\org\skyscreamer\jsonassert\1.5.3\jsonassert-1.5.3.jar;C:\Users\HaniAlassiriAlhabbou\.m2\repository\com\vaadin\external\google\android-json\0.0.20131108.vaadin1\android-json-0.0.20131108.vaadin1.jar;C:\Users\HaniAlassiriAlhabbou\.m2\repository\org\springframework\spring-test\6.2.1\spring-test-6.2.1.jar;C:\Users\HaniAlassiriAlhabbou\.m2\repository\org\xmlunit\xmlunit-core\2.10.0\xmlunit-core-2.10.0.jar;C:\Users\HaniAlassiriAlhabbou\.m2\repository\org\junit\jupiter\junit-jupiter-engine\5.11.4\junit-jupiter-engine-5.11.4.jar;C:\Users\HaniAlassiriAlhabbou\.m2\repository\org\junit\platform\junit-platform-engine\1.11.4\junit-platform-engine-1.11.4.jar;C:\Users\HaniAlassiriAlhabbou\.m2\repository\org\opentest4j\opentest4j\1.3.0\opentest4j-1.3.0.jar;C:\Users\HaniAlassiriAlhabbou\.m2\repository\org\junit\platform\junit-platform-commons\1.11.4\junit-platform-commons-1.11.4.jar;C:\Users\HaniAlassiriAlhabbou\.m2\repository\org\junit\jupiter\junit-jupiter-api\5.11.4\junit-jupiter-api-5.11.4.jar;C:\Users\HaniAlassiriAlhabbou\.m2\repository\org\apiguardian\apiguardian-api\1.1.2\apiguardian-api-1.1.2.jar;"/>
    <property name="sun.cpu.endian" value="little"/>
    <property name="user.home" value="C:\Users\HaniAlassiriAlhabbou"/>
    <property name="user.language" value="de"/>
    <property name="java.specification.vendor" value="Oracle Corporation"/>
    <property name="java.version.date" value="2024-07-16"/>
    <property name="java.home" value="C:\Program Files\Java\jdk-22"/>
    <property name="file.separator" value="\"/>
    <property name="basedir" value="C:\Users\HaniAlassiriAlhabbou\Downloads\phase4\standalone"/>
    <property name="java.vm.compressedOopsMode" value="Zero based"/>
    <property name="line.separator" value="&#10;"/>
    <property name="java.vm.specification.vendor" value="Oracle Corporation"/>
    <property name="java.specification.name" value="Java Platform API Specification"/>
    <property name="FILE_LOG_CHARSET" value="UTF-8"/>
    <property name="java.awt.headless" value="true"/>
    <property name="surefire.real.class.path" value="C:\Users\HaniAlassiriAlhabbou\AppData\Local\Temp\surefire12694325388869994531\surefirebooter-20250124150036853_3.jar"/>
    <property name="user.script" value=""/>
    <property name="sun.management.compiler" value="HotSpot 64-Bit Tiered Compilers"/>
    <property name="java.runtime.version" value="22.0.2+9-70"/>
    <property name="user.name" value="HaniAlassiriAlhabbou"/>
    <property name="stdout.encoding" value="Cp1252"/>
    <property name="path.separator" value=";"/>
    <property name="os.version" value="10.0"/>
    <property name="java.runtime.name" value="Java(TM) SE Runtime Environment"/>
    <property name="file.encoding" value="UTF-8"/>
    <property name="java.vm.name" value="Java HotSpot(TM) 64-Bit Server VM"/>
    <property name="localRepository" value="C:\Users\HaniAlassiriAlhabbou\.m2\repository"/>
    <property name="java.vendor.url.bug" value="https://bugreport.java.com/bugreport/"/>
    <property name="java.io.tmpdir" value="C:\Users\HANIAL~1\AppData\Local\Temp\"/>
    <property name="idea.version" value="2024.2.3"/>
    <property name="java.version" value="22.0.2"/>
    <property name="user.dir" value="C:\Users\HaniAlassiriAlhabbou\Downloads\phase4\standalone"/>
    <property name="os.arch" value="amd64"/>
    <property name="java.vm.specification.name" value="Java Virtual Machine Specification"/>
    <property name="PID" value="8088"/>
    <property name="sun.os.patch.level" value=""/>
    <property name="CONSOLE_LOG_CHARSET" value="UTF-8"/>
    <property name="native.encoding" value="Cp1252"/>
    <property name="java.library.path" value="C:\Program Files\Java\jdk-22\bin;C:\WINDOWS\Sun\Java\bin;C:\WINDOWS\system32;C:\WINDOWS;C:\Program Files\Common Files\Oracle\Java\javapath;C:\Program Files (x86)\Common Files\Oracle\Java\java8path;C:\Program Files (x86)\Common Files\Oracle\Java\javapath;C:\Python312\Scripts\;C:\Python312\;C:\WINDOWS\system32;C:\WINDOWS;C:\WINDOWS\System32\Wbem;C:\WINDOWS\System32\WindowsPowerShell\v1.0\;C:\WINDOWS\System32\OpenSSH\;C:\Program Files\dotnet\;C:\ProgramData\chocolatey\bin;C:\Users\HaniAlassiriAlhabbou\AppData\Roaming\nvm;C:\Program Files\nodejs;C:\Program Files\PuTTY\;C:\Program Files\Git\cmd;C:\Program Files\RedHat\Podman\;C:\Program Files\Microsoft SQL Server\150\Tools\Binn\;C:\Program Files\Microsoft SQL Server\Client SDK\ODBC\170\Tools\Binn\;C:\Program Files\Java\jdk-22\bin;;c:\Users\HaniAlassiriAlhabbou\AppData\Local\Programs\cursor\resources\app\bin;C:\Program Files\PowerShell\7\;C:\Users\HaniAlassiriAlhabbou\AppData\Local\Programs\Eclipse Adoptium\jdk-21.0.4.7-hotspot\bin;C:\Users\HaniAlassiriAlhabbou\AppData\Local\Microsoft\WindowsApps;C:\Users\HaniAlassiriAlhabbou\AppData\Local\Programs\Microsoft VS Code\bin;C:\Users\HaniAlassiriAlhabbou\.dotnet\tools;C:\Users\HaniAlassiriAlhabbou\AppData\Roaming\npm;C:\Users\HaniAlassiriAlhabbou\AppData\Roaming\nvm;C:\Program Files\nodejs;C:\Users\HaniAlassiriAlhabbou\AppData\Local\Microsoft\WinGet\Packages\FiloSottile.mkcert_Microsoft.Winget.Source_8wekyb3d8bbwe;;C:\Program Files\JetBrains\IntelliJ IDEA 2024.2.1\bin;;C:\Program Files\Apache\maven\bin;."/>
    <property name="java.vm.info" value="mixed mode, sharing"/>
    <property name="stderr.encoding" value="Cp1252"/>
    <property name="java.vendor" value="Oracle Corporation"/>
    <property name="java.vm.version" value="22.0.2+9-70"/>
    <property name="sun.io.unicode.encoding" value="UnicodeLittle"/>
    <property name="java.class.version" value="66.0"/>
  </properties>
  <testcase name="testContextLoads" classname="com.helger.phase4.peppolstandalone.Phase4PeppolStandaloneApplicationTests" time="0.679">
    <system-out><![CDATA[15:00:37.734 [main] INFO org.springframework.test.context.support.AnnotationConfigContextLoaderUtils -- Could not detect default configuration classes for test class [com.helger.phase4.peppolstandalone.Phase4PeppolStandaloneApplicationTests]: Phase4PeppolStandaloneApplicationTests does not declare any static, non-private, non-final, nested classes annotated with @Configuration.
15:00:37.841 [main] INFO org.springframework.boot.test.context.SpringBootTestContextBootstrapper -- Found @SpringBootConfiguration com.helger.phase4.peppolstandalone.Phase4PeppolStandaloneApplication for test class com.helger.phase4.peppolstandalone.Phase4PeppolStandaloneApplicationTests
15:00:37.979 [main] INFO org.springframework.boot.devtools.restart.RestartApplicationListener -- Restart disabled due to context in which it is running

  .   ____          _            __ _ _
 /\\ / ___'_ __ _ _(_)_ __  __ _ \ \ \ \
( ( )\___ | '_ | '_| | '_ \/ _` | \ \ \ \
 \\/  ___)| |_)| | | | | || (_| |  ) ) ) )
  '  |____| .__|_| |_|_| |_\__, | / / / /
 =========|_|==============|___/=/_/_/_/

 :: Spring Boot ::                (v3.4.1)

2025-01-24T15:00:38.387+01:00  INFO 8088 --- [           main] p.Phase4PeppolStandaloneApplicationTests : Starting Phase4PeppolStandaloneApplicationTests using Java 22.0.2 with PID 8088 (started by HaniAlassiriAlhabbou in C:\Users\HaniAlassiriAlhabbou\Downloads\phase4\standalone)
2025-01-24T15:00:38.390+01:00  INFO 8088 --- [           main] p.Phase4PeppolStandaloneApplicationTests : No active profile set, falling back to 1 default profile: "default"
2025-01-24T15:00:39.656+01:00  INFO 8088 --- [           main] com.helger.photon.io.WebFileIO           : Using 'C:\Users\HaniAlassiriAlhabbou\Downloads\phase4\standalone\generated' as the data path
2025-01-24T15:00:39.659+01:00  INFO 8088 --- [           main] com.helger.photon.io.WebFileIO           : Using 'C:\Users\HaniAlassiriAlhabbou\Downloads\phase4\standalone\target\classes\static' as the servlet context path
2025-01-24T15:00:39.664+01:00  INFO 8088 --- [           main] com.helger.phase4.mgr.MetaAS4Manager     : MetaAS4Manager is initialized with in-memory data structures
2025-01-24T15:00:39.670+01:00  INFO 8088 --- [           main] com.helger.phase4.mgr.MetaAS4Manager     : Creating AS4 managers using factory class com.helger.phase4.mgr.AS4ManagerFactoryInMemory
2025-01-24T15:00:39.695+01:00  INFO 8088 --- [           main] c.h.phase4.profile.AS4ProfileManager     : 1 AS4 profile is registered: [bdew]
2025-01-24T15:00:39.696+01:00  INFO 8088 --- [           main] com.helger.phase4.mgr.MetaAS4Manager     : MetaAS4Manager was initialized
2025-01-24T15:00:39.727+01:00  INFO 8088 --- [           main] c.h.quartz.impl.StdSchedulerFactory      : Using default implementation for ThreadExecutor
2025-01-24T15:00:39.728+01:00  INFO 8088 --- [           main] c.helger.quartz.simpl.SimpleThreadPool   : Job execution threads will use class loader of thread: main
2025-01-24T15:00:39.729+01:00  INFO 8088 --- [           main] c.helger.quartz.simpl.SimpleThreadPool   : Initialized 10 worker threads
2025-01-24T15:00:39.735+01:00  INFO 8088 --- [           main] c.h.quartz.core.QuartzSchedulerThread    : QuartzSchedulerThread Inheriting ContextClassLoader of thread: main
2025-01-24T15:00:39.736+01:00  INFO 8088 --- [           main] c.helger.quartz.core.SchedulerSignaler   : Initialized Scheduler Signaller of type: class com.helger.quartz.core.SchedulerSignaler
2025-01-24T15:00:39.737+01:00  INFO 8088 --- [           main] com.helger.quartz.core.QuartzScheduler   : Mini Quartz Scheduler v.5.0.1 created.
2025-01-24T15:00:39.737+01:00  INFO 8088 --- [           main] com.helger.quartz.core.QuartzScheduler   : JobFactory set to: com.helger.quartz.simpl.SimpleJobFactory@59fc6d05
2025-01-24T15:00:39.737+01:00  INFO 8088 --- [           main] com.helger.quartz.simpl.RAMJobStore      : RAMJobStore initialized.
2025-01-24T15:00:39.738+01:00  INFO 8088 --- [           main] com.helger.quartz.core.QuartzScheduler   : Scheduler meta-data: Mini Quartz Scheduler (v5.0.1) 'MiniQuartzScheduler' with instanceId 'NON_CLUSTERED'
  Scheduler class: 'com.helger.quartz.core.QuartzScheduler' - running locally.
  NOT STARTED.
  Currently in standby mode.
  Number of jobs executed: 0
  Using thread pool 'com.helger.quartz.simpl.SimpleThreadPool' - with 10 threads.
  Using job-store 'com.helger.quartz.simpl.RAMJobStore' - which does not support persistence. and is not clustered.

2025-01-24T15:00:39.738+01:00  INFO 8088 --- [           main] c.h.quartz.impl.StdSchedulerFactory      : Quartz scheduler 'MiniQuartzScheduler' initialized from default resource file in Quartz package: 'quartz.properties'
2025-01-24T15:00:39.738+01:00  INFO 8088 --- [           main] c.h.quartz.impl.StdSchedulerFactory      : Quartz scheduler version: 5.0.1
2025-01-24T15:00:39.738+01:00  INFO 8088 --- [           main] com.helger.quartz.core.QuartzScheduler   : Scheduler MiniQuartzScheduler_$_NON_CLUSTERED started.
2025-01-24T15:00:39.773+01:00  INFO 8088 --- [           main] c.h.s.quartz.GlobalQuartzScheduler       : Succesfully scheduled job 'AS4DuplicateCleanupJob-10' with TriggerKey DEFAULT.6da64b5bd2ee-b6d9e1d7-e525-4369-ad6b-c78a433241e2 - starting at 2025-01-24T15:00:39.741
2025-01-24T15:00:40.181+01:00  INFO 8088 --- [           main] o.s.b.a.w.s.WelcomePageHandlerMapping    : Adding welcome page: class path resource [static/index.html]
2025-01-24T15:00:40.846+01:00  INFO 8088 --- [           main] o.s.b.a.e.web.EndpointLinksResolver      : Exposing 1 endpoint beneath base path '/actuator'
2025-01-24T15:00:40.942+01:00  INFO 8088 --- [           main] p.Phase4PeppolStandaloneApplicationTests : Started Phase4PeppolStandaloneApplicationTests in 2.973 seconds (process running for 3.925)
]]></system-out>
    <system-err><![CDATA[SLF4J(I): Connected with provider of type [ch.qos.logback.classic.spi.LogbackServiceProvider]
Mockito is currently self-attaching to enable the inline-mock-maker. This will no longer work in future releases of the JDK. Please add Mockito as an agent to your build what is described in Mockito's documentation: https://javadoc.io/doc/org.mockito/mockito-core/latest/org/mockito/Mockito.html#0.3
WARNING: A Java agent has been loaded dynamically (C:\Users\HaniAlassiriAlhabbou\.m2\repository\net\bytebuddy\byte-buddy-agent\1.15.11\byte-buddy-agent-1.15.11.jar)
WARNING: If a serviceability tool is in use, please run with -XX:+EnableDynamicAgentLoading to hide this warning
WARNING: If a serviceability tool is not in use, please run with -Djdk.instrument.traceUsage for more information
WARNING: Dynamic loading of agents will be disallowed by default in a future release
]]></system-err>
  </testcase>
</testsuite>