<?xml version="1.0" encoding="UTF-8"?>
<testsuite xmlns:xsi="http://www.w3.org/2001/XMLSchema-instance" xsi:noNamespaceSchemaLocation="https://maven.apache.org/surefire/maven-surefire-plugin/xsd/surefire-test-report.xsd" version="3.0.2" name="com.helger.phase4.marshaller.Ebms3MessagingMarshallerTest" time="0.492" tests="6" errors="0" skipped="0" failures="0">
  <properties>
    <property name="java.specification.version" value="22"/>
    <property name="sun.cpu.isalist" value="amd64"/>
    <property name="sun.jnu.encoding" value="Cp1252"/>
    <property name="java.class.path" value="C:\Users\HaniAlassiriAlhabbou\Downloads\phase4\phase4-lib\target\test-classes;C:\Users\HaniAlassiriAlhabbou\Downloads\phase4\phase4-lib\target\classes;C:\Users\HaniAlassiriAlhabbou\.m2\repository\org\bouncycastle\bcjmail-jdk18on\1.80\bcjmail-jdk18on-1.80.jar;C:\Users\HaniAlassiriAlhabbou\.m2\repository\org\bouncycastle\bcpkix-jdk18on\1.80\bcpkix-jdk18on-1.80.jar;C:\Users\HaniAlassiriAlhabbou\.m2\repository\org\bouncycastle\bcutil-jdk18on\1.80\bcutil-jdk18on-1.80.jar;C:\Users\HaniAlassiriAlhabbou\.m2\repository\org\apache\wss4j\wss4j-ws-security-dom\3.0.4\wss4j-ws-security-dom-3.0.4.jar;C:\Users\HaniAlassiriAlhabbou\.m2\repository\org\apache\wss4j\wss4j-ws-security-common\3.0.4\wss4j-ws-security-common-3.0.4.jar;C:\Users\HaniAlassiriAlhabbou\.m2\repository\jakarta\mail\jakarta.mail-api\2.1.3\jakarta.mail-api-2.1.3.jar;C:\Users\HaniAlassiriAlhabbou\.m2\repository\org\apache\santuario\xmlsec\3.0.5\xmlsec-3.0.5.jar;C:\Users\HaniAlassiriAlhabbou\.m2\repository\commons-codec\commons-codec\1.17.2\commons-codec-1.17.2.jar;C:\Users\HaniAlassiriAlhabbou\.m2\repository\org\cryptacular\cryptacular\1.2.7\cryptacular-1.2.7.jar;C:\Users\HaniAlassiriAlhabbou\.m2\repository\org\jasypt\jasypt\1.9.3\jasypt-1.9.3.jar;C:\Users\HaniAlassiriAlhabbou\.m2\repository\com\helger\commons\ph-commons\11.1.12\ph-commons-11.1.12.jar;C:\Users\HaniAlassiriAlhabbou\.m2\repository\com\google\code\findbugs\jsr305\3.0.2\jsr305-3.0.2.jar;C:\Users\HaniAlassiriAlhabbou\.m2\repository\org\slf4j\slf4j-api\2.0.15\slf4j-api-2.0.15.jar;C:\Users\HaniAlassiriAlhabbou\.m2\repository\com\helger\commons\ph-xml\11.1.12\ph-xml-11.1.12.jar;C:\Users\HaniAlassiriAlhabbou\.m2\repository\com\helger\commons\ph-jaxb\11.1.12\ph-jaxb-11.1.12.jar;C:\Users\HaniAlassiriAlhabbou\.m2\repository\jakarta\xml\bind\jakarta.xml.bind-api\4.0.2\jakarta.xml.bind-api-4.0.2.jar;C:\Users\HaniAlassiriAlhabbou\.m2\repository\jakarta\activation\jakarta.activation-api\2.1.3\jakarta.activation-api-2.1.3.jar;C:\Users\HaniAlassiriAlhabbou\.m2\repository\com\helger\commons\ph-jaxb-adapter\11.1.12\ph-jaxb-adapter-11.1.12.jar;C:\Users\HaniAlassiriAlhabbou\.m2\repository\com\helger\commons\ph-datetime\11.1.12\ph-datetime-11.1.12.jar;C:\Users\HaniAlassiriAlhabbou\.m2\repository\com\helger\commons\ph-bc\11.1.12\ph-bc-11.1.12.jar;C:\Users\HaniAlassiriAlhabbou\.m2\repository\org\bouncycastle\bcprov-jdk18on\1.80\bcprov-jdk18on-1.80.jar;C:\Users\HaniAlassiriAlhabbou\.m2\repository\com\helger\commons\ph-scopes\11.1.12\ph-scopes-11.1.12.jar;C:\Users\HaniAlassiriAlhabbou\.m2\repository\com\helger\commons\ph-json\11.1.12\ph-json-11.1.12.jar;C:\Users\HaniAlassiriAlhabbou\.m2\repository\com\helger\web\ph-mail\10.2.0\ph-mail-10.2.0.jar;C:\Users\HaniAlassiriAlhabbou\.m2\repository\org\eclipse\angus\angus-mail\2.0.3\angus-mail-2.0.3.jar;C:\Users\HaniAlassiriAlhabbou\.m2\repository\com\helger\web\ph-http\10.2.0\ph-http-10.2.0.jar;C:\Users\HaniAlassiriAlhabbou\.m2\repository\com\helger\web\ph-network\10.2.0\ph-network-10.2.0.jar;C:\Users\HaniAlassiriAlhabbou\.m2\repository\com\helger\commons\ph-security\11.1.12\ph-security-11.1.12.jar;C:\Users\HaniAlassiriAlhabbou\.m2\repository\com\helger\web\ph-httpclient\10.2.0\ph-httpclient-10.2.0.jar;C:\Users\HaniAlassiriAlhabbou\.m2\repository\org\apache\httpcomponents\client5\httpclient5\5.4.1\httpclient5-5.4.1.jar;C:\Users\HaniAlassiriAlhabbou\.m2\repository\org\apache\httpcomponents\core5\httpcore5\5.3.2\httpcore5-5.3.2.jar;C:\Users\HaniAlassiriAlhabbou\.m2\repository\org\apache\httpcomponents\core5\httpcore5-h2\5.3.1\httpcore5-h2-5.3.1.jar;C:\Users\HaniAlassiriAlhabbou\.m2\repository\org\slf4j\jcl-over-slf4j\2.0.15\jcl-over-slf4j-2.0.15.jar;C:\Users\HaniAlassiriAlhabbou\.m2\repository\com\helger\xsd\ph-xsds-xmldsig\3.0.0\ph-xsds-xmldsig-3.0.0.jar;C:\Users\HaniAlassiriAlhabbou\.m2\repository\com\helger\xsd\ph-xsds-xlink\3.0.0\ph-xsds-xlink-3.0.0.jar;C:\Users\HaniAlassiriAlhabbou\.m2\repository\com\helger\xsd\ph-xsds-xml\3.0.0\ph-xsds-xml-3.0.0.jar;C:\Users\HaniAlassiriAlhabbou\.m2\repository\com\helger\masterdata\ph-tenancy\7.0.2\ph-tenancy-7.0.2.jar;C:\Users\HaniAlassiriAlhabbou\.m2\repository\com\helger\masterdata\ph-masterdata\7.0.2\ph-masterdata-7.0.2.jar;C:\Users\HaniAlassiriAlhabbou\.m2\repository\com\helger\commons\ph-config\11.1.12\ph-config-11.1.12.jar;C:\Users\HaniAlassiriAlhabbou\.m2\repository\com\helger\schedule\ph-schedule\5.0.1\ph-schedule-5.0.1.jar;C:\Users\HaniAlassiriAlhabbou\.m2\repository\com\helger\schedule\ph-mini-quartz\5.0.1\ph-mini-quartz-5.0.1.jar;C:\Users\HaniAlassiriAlhabbou\.m2\repository\com\helger\web\ph-web\10.2.0\ph-web-10.2.0.jar;C:\Users\HaniAlassiriAlhabbou\.m2\repository\com\helger\web\ph-servlet\10.2.0\ph-servlet-10.2.0.jar;C:\Users\HaniAlassiriAlhabbou\.m2\repository\com\helger\web\ph-useragent\10.2.0\ph-useragent-10.2.0.jar;C:\Users\HaniAlassiriAlhabbou\.m2\repository\org\eclipse\angus\angus-activation\2.0.2\angus-activation-2.0.2.jar;C:\Users\HaniAlassiriAlhabbou\.m2\repository\com\helger\web\ph-xservlet\10.2.0\ph-xservlet-10.2.0.jar;C:\Users\HaniAlassiriAlhabbou\.m2\repository\com\helger\photon\ph-oton-io\9.2.8\ph-oton-io-9.2.8.jar;C:\Users\HaniAlassiriAlhabbou\.m2\repository\com\helger\commons\ph-collection\11.1.12\ph-collection-11.1.12.jar;C:\Users\HaniAlassiriAlhabbou\.m2\repository\com\helger\commons\ph-dao\11.1.12\ph-dao-11.1.12.jar;C:\Users\HaniAlassiriAlhabbou\.m2\repository\com\helger\photon\ph-oton-audit\9.2.8\ph-oton-audit-9.2.8.jar;C:\Users\HaniAlassiriAlhabbou\.m2\repository\com\helger\photon\ph-oton-security\9.2.8\ph-oton-security-9.2.8.jar;C:\Users\HaniAlassiriAlhabbou\.m2\repository\org\slf4j\jul-to-slf4j\2.0.15\jul-to-slf4j-2.0.15.jar;C:\Users\HaniAlassiriAlhabbou\.m2\repository\jakarta\servlet\jakarta.servlet-api\5.0.0\jakarta.servlet-api-5.0.0.jar;C:\Users\HaniAlassiriAlhabbou\.m2\repository\com\github\spotbugs\spotbugs-annotations\4.8.3\spotbugs-annotations-4.8.3.jar;C:\Users\HaniAlassiriAlhabbou\.m2\repository\junit\junit\4.13.2\junit-4.13.2.jar;C:\Users\HaniAlassiriAlhabbou\.m2\repository\org\hamcrest\hamcrest-core\1.3\hamcrest-core-1.3.jar;C:\Users\HaniAlassiriAlhabbou\.m2\repository\org\slf4j\slf4j-simple\2.0.15\slf4j-simple-2.0.15.jar;C:\Users\HaniAlassiriAlhabbou\.m2\repository\com\sun\xml\bind\jaxb-impl\4.0.5\jaxb-impl-4.0.5.jar;C:\Users\HaniAlassiriAlhabbou\.m2\repository\com\sun\xml\bind\jaxb-core\4.0.5\jaxb-core-4.0.5.jar;C:\Users\HaniAlassiriAlhabbou\.m2\repository\com\helger\photon\ph-oton-app\9.2.8\ph-oton-app-9.2.8.jar;C:\Users\HaniAlassiriAlhabbou\.m2\repository\com\helger\ph-css\7.0.3\ph-css-7.0.3.jar;C:\Users\HaniAlassiriAlhabbou\.m2\repository\com\helger\photon\ph-oton-html\9.2.8\ph-oton-html-9.2.8.jar;"/>
    <property name="java.vm.vendor" value="Oracle Corporation"/>
    <property name="sun.arch.data.model" value="64"/>
    <property name="user.variant" value=""/>
    <property name="java.vendor.url" value="https://java.oracle.com/"/>
    <property name="user.timezone" value="Europe/Berlin"/>
    <property name="os.name" value="Windows 11"/>
    <property name="java.vm.specification.version" value="22"/>
    <property name="sun.java.launcher" value="SUN_STANDARD"/>
    <property name="user.country" value="DE"/>
    <property name="sun.boot.library.path" value="C:\Program Files\Java\jdk-22\bin"/>
    <property name="sun.java.command" value="C:\Users\HaniAlassiriAlhabbou\AppData\Local\Temp\surefire3586638279018149577\surefirebooter-20250124140116181_3.jar C:\Users\HaniAlassiriAlhabbou\AppData\Local\Temp\surefire3586638279018149577 2025-01-24T14-01-15_979-jvmRun1 surefire-20250124140116181_1tmp surefire_0-20250124140116181_2tmp"/>
    <property name="jdk.debug" value="release"/>
    <property name="surefire.test.class.path" value="C:\Users\HaniAlassiriAlhabbou\Downloads\phase4\phase4-lib\target\test-classes;C:\Users\HaniAlassiriAlhabbou\Downloads\phase4\phase4-lib\target\classes;C:\Users\HaniAlassiriAlhabbou\.m2\repository\org\bouncycastle\bcjmail-jdk18on\1.80\bcjmail-jdk18on-1.80.jar;C:\Users\HaniAlassiriAlhabbou\.m2\repository\org\bouncycastle\bcpkix-jdk18on\1.80\bcpkix-jdk18on-1.80.jar;C:\Users\HaniAlassiriAlhabbou\.m2\repository\org\bouncycastle\bcutil-jdk18on\1.80\bcutil-jdk18on-1.80.jar;C:\Users\HaniAlassiriAlhabbou\.m2\repository\org\apache\wss4j\wss4j-ws-security-dom\3.0.4\wss4j-ws-security-dom-3.0.4.jar;C:\Users\HaniAlassiriAlhabbou\.m2\repository\org\apache\wss4j\wss4j-ws-security-common\3.0.4\wss4j-ws-security-common-3.0.4.jar;C:\Users\HaniAlassiriAlhabbou\.m2\repository\jakarta\mail\jakarta.mail-api\2.1.3\jakarta.mail-api-2.1.3.jar;C:\Users\HaniAlassiriAlhabbou\.m2\repository\org\apache\santuario\xmlsec\3.0.5\xmlsec-3.0.5.jar;C:\Users\HaniAlassiriAlhabbou\.m2\repository\commons-codec\commons-codec\1.17.2\commons-codec-1.17.2.jar;C:\Users\HaniAlassiriAlhabbou\.m2\repository\org\cryptacular\cryptacular\1.2.7\cryptacular-1.2.7.jar;C:\Users\HaniAlassiriAlhabbou\.m2\repository\org\jasypt\jasypt\1.9.3\jasypt-1.9.3.jar;C:\Users\HaniAlassiriAlhabbou\.m2\repository\com\helger\commons\ph-commons\11.1.12\ph-commons-11.1.12.jar;C:\Users\HaniAlassiriAlhabbou\.m2\repository\com\google\code\findbugs\jsr305\3.0.2\jsr305-3.0.2.jar;C:\Users\HaniAlassiriAlhabbou\.m2\repository\org\slf4j\slf4j-api\2.0.15\slf4j-api-2.0.15.jar;C:\Users\HaniAlassiriAlhabbou\.m2\repository\com\helger\commons\ph-xml\11.1.12\ph-xml-11.1.12.jar;C:\Users\HaniAlassiriAlhabbou\.m2\repository\com\helger\commons\ph-jaxb\11.1.12\ph-jaxb-11.1.12.jar;C:\Users\HaniAlassiriAlhabbou\.m2\repository\jakarta\xml\bind\jakarta.xml.bind-api\4.0.2\jakarta.xml.bind-api-4.0.2.jar;C:\Users\HaniAlassiriAlhabbou\.m2\repository\jakarta\activation\jakarta.activation-api\2.1.3\jakarta.activation-api-2.1.3.jar;C:\Users\HaniAlassiriAlhabbou\.m2\repository\com\helger\commons\ph-jaxb-adapter\11.1.12\ph-jaxb-adapter-11.1.12.jar;C:\Users\HaniAlassiriAlhabbou\.m2\repository\com\helger\commons\ph-datetime\11.1.12\ph-datetime-11.1.12.jar;C:\Users\HaniAlassiriAlhabbou\.m2\repository\com\helger\commons\ph-bc\11.1.12\ph-bc-11.1.12.jar;C:\Users\HaniAlassiriAlhabbou\.m2\repository\org\bouncycastle\bcprov-jdk18on\1.80\bcprov-jdk18on-1.80.jar;C:\Users\HaniAlassiriAlhabbou\.m2\repository\com\helger\commons\ph-scopes\11.1.12\ph-scopes-11.1.12.jar;C:\Users\HaniAlassiriAlhabbou\.m2\repository\com\helger\commons\ph-json\11.1.12\ph-json-11.1.12.jar;C:\Users\HaniAlassiriAlhabbou\.m2\repository\com\helger\web\ph-mail\10.2.0\ph-mail-10.2.0.jar;C:\Users\HaniAlassiriAlhabbou\.m2\repository\org\eclipse\angus\angus-mail\2.0.3\angus-mail-2.0.3.jar;C:\Users\HaniAlassiriAlhabbou\.m2\repository\com\helger\web\ph-http\10.2.0\ph-http-10.2.0.jar;C:\Users\HaniAlassiriAlhabbou\.m2\repository\com\helger\web\ph-network\10.2.0\ph-network-10.2.0.jar;C:\Users\HaniAlassiriAlhabbou\.m2\repository\com\helger\commons\ph-security\11.1.12\ph-security-11.1.12.jar;C:\Users\HaniAlassiriAlhabbou\.m2\repository\com\helger\web\ph-httpclient\10.2.0\ph-httpclient-10.2.0.jar;C:\Users\HaniAlassiriAlhabbou\.m2\repository\org\apache\httpcomponents\client5\httpclient5\5.4.1\httpclient5-5.4.1.jar;C:\Users\HaniAlassiriAlhabbou\.m2\repository\org\apache\httpcomponents\core5\httpcore5\5.3.2\httpcore5-5.3.2.jar;C:\Users\HaniAlassiriAlhabbou\.m2\repository\org\apache\httpcomponents\core5\httpcore5-h2\5.3.1\httpcore5-h2-5.3.1.jar;C:\Users\HaniAlassiriAlhabbou\.m2\repository\org\slf4j\jcl-over-slf4j\2.0.15\jcl-over-slf4j-2.0.15.jar;C:\Users\HaniAlassiriAlhabbou\.m2\repository\com\helger\xsd\ph-xsds-xmldsig\3.0.0\ph-xsds-xmldsig-3.0.0.jar;C:\Users\HaniAlassiriAlhabbou\.m2\repository\com\helger\xsd\ph-xsds-xlink\3.0.0\ph-xsds-xlink-3.0.0.jar;C:\Users\HaniAlassiriAlhabbou\.m2\repository\com\helger\xsd\ph-xsds-xml\3.0.0\ph-xsds-xml-3.0.0.jar;C:\Users\HaniAlassiriAlhabbou\.m2\repository\com\helger\masterdata\ph-tenancy\7.0.2\ph-tenancy-7.0.2.jar;C:\Users\HaniAlassiriAlhabbou\.m2\repository\com\helger\masterdata\ph-masterdata\7.0.2\ph-masterdata-7.0.2.jar;C:\Users\HaniAlassiriAlhabbou\.m2\repository\com\helger\commons\ph-config\11.1.12\ph-config-11.1.12.jar;C:\Users\HaniAlassiriAlhabbou\.m2\repository\com\helger\schedule\ph-schedule\5.0.1\ph-schedule-5.0.1.jar;C:\Users\HaniAlassiriAlhabbou\.m2\repository\com\helger\schedule\ph-mini-quartz\5.0.1\ph-mini-quartz-5.0.1.jar;C:\Users\HaniAlassiriAlhabbou\.m2\repository\com\helger\web\ph-web\10.2.0\ph-web-10.2.0.jar;C:\Users\HaniAlassiriAlhabbou\.m2\repository\com\helger\web\ph-servlet\10.2.0\ph-servlet-10.2.0.jar;C:\Users\HaniAlassiriAlhabbou\.m2\repository\com\helger\web\ph-useragent\10.2.0\ph-useragent-10.2.0.jar;C:\Users\HaniAlassiriAlhabbou\.m2\repository\org\eclipse\angus\angus-activation\2.0.2\angus-activation-2.0.2.jar;C:\Users\HaniAlassiriAlhabbou\.m2\repository\com\helger\web\ph-xservlet\10.2.0\ph-xservlet-10.2.0.jar;C:\Users\HaniAlassiriAlhabbou\.m2\repository\com\helger\photon\ph-oton-io\9.2.8\ph-oton-io-9.2.8.jar;C:\Users\HaniAlassiriAlhabbou\.m2\repository\com\helger\commons\ph-collection\11.1.12\ph-collection-11.1.12.jar;C:\Users\HaniAlassiriAlhabbou\.m2\repository\com\helger\commons\ph-dao\11.1.12\ph-dao-11.1.12.jar;C:\Users\HaniAlassiriAlhabbou\.m2\repository\com\helger\photon\ph-oton-audit\9.2.8\ph-oton-audit-9.2.8.jar;C:\Users\HaniAlassiriAlhabbou\.m2\repository\com\helger\photon\ph-oton-security\9.2.8\ph-oton-security-9.2.8.jar;C:\Users\HaniAlassiriAlhabbou\.m2\repository\org\slf4j\jul-to-slf4j\2.0.15\jul-to-slf4j-2.0.15.jar;C:\Users\HaniAlassiriAlhabbou\.m2\repository\jakarta\servlet\jakarta.servlet-api\5.0.0\jakarta.servlet-api-5.0.0.jar;C:\Users\HaniAlassiriAlhabbou\.m2\repository\com\github\spotbugs\spotbugs-annotations\4.8.3\spotbugs-annotations-4.8.3.jar;C:\Users\HaniAlassiriAlhabbou\.m2\repository\junit\junit\4.13.2\junit-4.13.2.jar;C:\Users\HaniAlassiriAlhabbou\.m2\repository\org\hamcrest\hamcrest-core\1.3\hamcrest-core-1.3.jar;C:\Users\HaniAlassiriAlhabbou\.m2\repository\org\slf4j\slf4j-simple\2.0.15\slf4j-simple-2.0.15.jar;C:\Users\HaniAlassiriAlhabbou\.m2\repository\com\sun\xml\bind\jaxb-impl\4.0.5\jaxb-impl-4.0.5.jar;C:\Users\HaniAlassiriAlhabbou\.m2\repository\com\sun\xml\bind\jaxb-core\4.0.5\jaxb-core-4.0.5.jar;C:\Users\HaniAlassiriAlhabbou\.m2\repository\com\helger\photon\ph-oton-app\9.2.8\ph-oton-app-9.2.8.jar;C:\Users\HaniAlassiriAlhabbou\.m2\repository\com\helger\ph-css\7.0.3\ph-css-7.0.3.jar;C:\Users\HaniAlassiriAlhabbou\.m2\repository\com\helger\photon\ph-oton-html\9.2.8\ph-oton-html-9.2.8.jar;"/>
    <property name="sun.cpu.endian" value="little"/>
    <property name="user.home" value="C:\Users\HaniAlassiriAlhabbou"/>
    <property name="user.language" value="de"/>
    <property name="java.specification.vendor" value="Oracle Corporation"/>
    <property name="java.version.date" value="2024-07-16"/>
    <property name="java.home" value="C:\Program Files\Java\jdk-22"/>
    <property name="file.separator" value="\"/>
    <property name="basedir" value="C:\Users\HaniAlassiriAlhabbou\Downloads\phase4\phase4-lib"/>
    <property name="java.vm.compressedOopsMode" value="Zero based"/>
    <property name="line.separator" value="&#10;"/>
    <property name="java.vm.specification.vendor" value="Oracle Corporation"/>
    <property name="java.specification.name" value="Java Platform API Specification"/>
    <property name="surefire.real.class.path" value="C:\Users\HaniAlassiriAlhabbou\AppData\Local\Temp\surefire3586638279018149577\surefirebooter-20250124140116181_3.jar"/>
    <property name="user.script" value=""/>
    <property name="sun.management.compiler" value="HotSpot 64-Bit Tiered Compilers"/>
    <property name="java.runtime.version" value="22.0.2+9-70"/>
    <property name="user.name" value="HaniAlassiriAlhabbou"/>
    <property name="stdout.encoding" value="Cp1252"/>
    <property name="path.separator" value=";"/>
    <property name="os.version" value="10.0"/>
    <property name="java.runtime.name" value="Java(TM) SE Runtime Environment"/>
    <property name="file.encoding" value="UTF-8"/>
    <property name="java.vm.name" value="Java HotSpot(TM) 64-Bit Server VM"/>
    <property name="localRepository" value="C:\Users\HaniAlassiriAlhabbou\.m2\repository"/>
    <property name="java.vendor.url.bug" value="https://bugreport.java.com/bugreport/"/>
    <property name="java.io.tmpdir" value="C:\Users\HANIAL~1\AppData\Local\Temp\"/>
    <property name="idea.version" value="2024.2.3"/>
    <property name="java.version" value="22.0.2"/>
    <property name="user.dir" value="C:\Users\HaniAlassiriAlhabbou\Downloads\phase4\phase4-lib"/>
    <property name="os.arch" value="amd64"/>
    <property name="java.vm.specification.name" value="Java Virtual Machine Specification"/>
    <property name="sun.os.patch.level" value=""/>
    <property name="native.encoding" value="Cp1252"/>
    <property name="java.library.path" value="C:\Program Files\Java\jdk-22\bin;C:\WINDOWS\Sun\Java\bin;C:\WINDOWS\system32;C:\WINDOWS;C:\Program Files\Common Files\Oracle\Java\javapath;C:\Program Files (x86)\Common Files\Oracle\Java\java8path;C:\Program Files (x86)\Common Files\Oracle\Java\javapath;C:\Python312\Scripts\;C:\Python312\;C:\WINDOWS\system32;C:\WINDOWS;C:\WINDOWS\System32\Wbem;C:\WINDOWS\System32\WindowsPowerShell\v1.0\;C:\WINDOWS\System32\OpenSSH\;C:\Program Files\dotnet\;C:\ProgramData\chocolatey\bin;C:\Users\HaniAlassiriAlhabbou\AppData\Roaming\nvm;C:\Program Files\nodejs;C:\Program Files\PuTTY\;C:\Program Files\Git\cmd;C:\Program Files\RedHat\Podman\;C:\Program Files\Microsoft SQL Server\150\Tools\Binn\;C:\Program Files\Microsoft SQL Server\Client SDK\ODBC\170\Tools\Binn\;C:\Program Files\Java\jdk-22\bin;;c:\Users\HaniAlassiriAlhabbou\AppData\Local\Programs\cursor\resources\app\bin;C:\Program Files\PowerShell\7\;C:\Users\HaniAlassiriAlhabbou\AppData\Local\Programs\Eclipse Adoptium\jdk-21.0.4.7-hotspot\bin;C:\Users\HaniAlassiriAlhabbou\AppData\Local\Microsoft\WindowsApps;C:\Users\HaniAlassiriAlhabbou\AppData\Local\Programs\Microsoft VS Code\bin;C:\Users\HaniAlassiriAlhabbou\.dotnet\tools;C:\Users\HaniAlassiriAlhabbou\AppData\Roaming\npm;C:\Users\HaniAlassiriAlhabbou\AppData\Roaming\nvm;C:\Program Files\nodejs;C:\Users\HaniAlassiriAlhabbou\AppData\Local\Microsoft\WinGet\Packages\FiloSottile.mkcert_Microsoft.Winget.Source_8wekyb3d8bbwe;;C:\Program Files\JetBrains\IntelliJ IDEA 2024.2.1\bin;;C:\Program Files\Apache\maven\bin;."/>
    <property name="java.vm.info" value="mixed mode, sharing"/>
    <property name="stderr.encoding" value="Cp1252"/>
    <property name="java.vendor" value="Oracle Corporation"/>
    <property name="java.vm.version" value="22.0.2+9-70"/>
    <property name="sun.io.unicode.encoding" value="UnicodeLittle"/>
    <property name="java.class.version" value="66.0"/>
  </properties>
  <testcase name="testUserMessageMessageInfoIDMissing" classname="com.helger.phase4.marshaller.Ebms3MessagingMarshallerTest" time="0.407">
    <system-err><![CDATA[1449 [main] ERROR com.helger.jaxb.LoggingJAXBReadExceptionHandler - Failed to parse XML document: cvc-complex-type.2.4.b: Content des Elements 'eb:MessageInfo' ist nicht vollständig. '{"http://docs.oasis-open.org/ebxml-msg/ebms/v3.0/ns/core/200704/":MessageId}' wird erwartet.
]]></system-err>
  </testcase>
  <testcase name="testSoap" classname="com.helger.phase4.marshaller.Ebms3MessagingMarshallerTest" time="0.035">
    <system-err><![CDATA[1485 [main] INFO com.helger.phase4.marshaller.Ebms3MessagingMarshallerTest - Just to recheck what was read: <?xml version="1.0" encoding="UTF-8"?><S11:Envelope xmlns:S11="http://schemas.xmlsoap.org/soap/envelope/"><S11:Header><eb:Messaging xmlns:xsi="http://www.w3.org/2001/XMLSchema-instance" xmlns:eb="http://docs.oasis-open.org/ebxml-msg/ebms/v3.0/ns/core/200704/" S11:mustUnderstand="1" xsi:schemaLocation="http://docs.oasis-open.org/ebxml-msg/ebms/v3.0/ns/core/200704/ http://docs.oasis-open.org/ebxml-msg/ebms/v3.0/core/ebms-header-3_0-200704.xsd"><eb:UserMessage><eb:MessageInfo><eb:Timestamp>2006-07-25T12:19:05</eb:Timestamp><eb:MessageId>UUID-1@requester.example.com</eb:MessageId>
				</eb:MessageInfo><eb:PartyInfo><eb:From><eb:PartyId>uri:requester.example.com</eb:PartyId><eb:Role>http://example.org/roles/Buyer</eb:Role>
					</eb:From><eb:To><eb:PartyId type="someType">QRS543</eb:PartyId><eb:Role>http://example.org/roles/Seller</eb:Role>
					</eb:To>
				</eb:PartyInfo><eb:CollaborationInfo><eb:AgreementRef>http://registry.example.com/cpa/123456
					</eb:AgreementRef><eb:Service type="MyServiceTypes">QuoteToCollect</eb:Service><eb:Action>NewPurchaseOrder</eb:Action><eb:ConversationId>4321</eb:ConversationId>
				</eb:CollaborationInfo><eb:MessageProperties><eb:Property name="ProcessInst">PurchaseOrder:123456</eb:Property><eb:Property name="ContextID"> 987654321</eb:Property>
				</eb:MessageProperties><eb:PayloadInfo><eb:PartInfo href="cid:part@example.com"><eb:Schema location="http://registry.example.org/po.xsd" version="2.0" /><eb:PartProperties><eb:Property name="Description">Purchase Order for 11 Widgets
							</eb:Property><eb:Property name="MimeType">application/xml</eb:Property>
						</eb:PartProperties>
					</eb:PartInfo>
				</eb:PayloadInfo>
			</eb:UserMessage>
		</eb:Messaging></S11:Header><S11:Body /></S11:Envelope>
]]></system-err>
  </testcase>
  <testcase name="testExpectSoap11ButFileIsSoap12" classname="com.helger.phase4.marshaller.Ebms3MessagingMarshallerTest" time="0.003">
    <system-err><![CDATA[1488 [main] ERROR com.helger.jaxb.LoggingJAXBReadExceptionHandler - Failed to parse XML document: cvc-elt.1.a: Deklaration des Elements "S12:Envelope" kann nicht gefunden werden.
]]></system-err>
  </testcase>
  <testcase name="testUserMessageMessageInfoMissing" classname="com.helger.phase4.marshaller.Ebms3MessagingMarshallerTest" time="0.008">
    <system-err><![CDATA[1496 [main] ERROR com.helger.jaxb.LoggingJAXBReadExceptionHandler - Failed to parse XML document: cvc-complex-type.2.4.a: Ungültiger Content wurde beginnend mit Element '{"http://docs.oasis-open.org/ebxml-msg/ebms/v3.0/ns/core/200704/":PartyInfo}' gefunden. '{"http://docs.oasis-open.org/ebxml-msg/ebms/v3.0/ns/core/200704/":MessageInfo}' wird erwartet.
]]></system-err>
  </testcase>
  <testcase name="testIssue20230315" classname="com.helger.phase4.marshaller.Ebms3MessagingMarshallerTest" time="0.028"/>
  <testcase name="testNoSoap" classname="com.helger.phase4.marshaller.Ebms3MessagingMarshallerTest" time="0.009"/>
</testsuite>